<?xml version="1.0" encoding="UTF-8"?>
<testsuite name="Cucumber" time="2.227" tests="1" skipped="0" failures="0" errors="0">
<testcase classname="To verify the go rest feature" name="To verify the get call" time="1.664">
<system-out><![CDATA[
Given the user setup the "trello" service...................................passed
When the user send GET request to "/cards"..................................passed
Then the user verify if the status code is 200..............................passed
Then the user verify if the response contains "id"..........................passed
]]></system-out>
</testcase>
</testsuite>
