<?xml version="1.0" encoding="UTF-8"?>
<testng-results ignored="0" total="1" passed="1" failed="0" skipped="0">
  <reporter-output>
  </reporter-output>
  <suite started-at="2026-04-26T18:41:42 CEST" name="Hybrid Framework" finished-at="2026-04-26T18:41:45 CEST" duration-ms="3084">
    <groups>
      <group name="cucumber">
        <method signature="AbstractTestNGCucumberTests.runScenario(io.cucumber.testng.PickleWrapper,io.cucumber.testng.FeatureWrapper)[pri:0, instance:com.framework.runner.TestRunner@3382f8ae]" name="runScenario" class="io.cucumber.testng.AbstractTestNGCucumberTests"/>
      </group> <!-- cucumber -->
    </groups>
    <test started-at="2026-04-26T18:41:42 CEST" name="All Tests" finished-at="2026-04-26T18:41:45 CEST" duration-ms="3084">
      <class name="com.framework.runner.TestRunner">
        <test-method is-config="true" signature="setUpClass(org.testng.ITestContext)[pri:0, instance:com.framework.runner.TestRunner@3382f8ae]" started-at="2026-04-26T18:41:42 CEST" name="setUpClass" finished-at="2026-04-26T18:41:43 CEST" duration-ms="1000" status="PASS">
          <params>
            <param index="0">
              <value>
                <![CDATA[org.testng.TestRunner@359066bc]]>
              </value>
            </param>
          </params>
          <reporter-output>
          </reporter-output>
        </test-method> <!-- setUpClass -->
        <test-method signature="runScenario(io.cucumber.testng.PickleWrapper,io.cucumber.testng.FeatureWrapper)[pri:0, instance:com.framework.runner.TestRunner@3382f8ae]" started-at="2026-04-26T18:41:43 CEST" name="runScenario" description="Runs Cucumber Scenarios" data-provider="scenarios" finished-at="2026-04-26T18:41:45 CEST" duration-ms="1755" status="PASS">
          <params>
            <param index="0">
              <value>
                <![CDATA["To verify the get call"]]>
              </value>
            </param>
            <param index="1">
              <value>
                <![CDATA["To verify the go rest feature"]]>
              </value>
            </param>
          </params>
          <reporter-output>
          </reporter-output>
        </test-method> <!-- runScenario -->
        <test-method is-config="true" signature="tearDownClass()[pri:0, instance:com.framework.runner.TestRunner@3382f8ae]" started-at="2026-04-26T18:41:45 CEST" name="tearDownClass" finished-at="2026-04-26T18:41:45 CEST" duration-ms="300" status="PASS">
          <reporter-output>
          </reporter-output>
        </test-method> <!-- tearDownClass -->
      </class> <!-- com.framework.runner.TestRunner -->
    </test> <!-- All Tests -->
  </suite> <!-- Hybrid Framework -->
</testng-results>
